<?xml version="1.0" encoding="UTF-8"?>
<testsuite name="OpenApplicationTest" tests="1" skipped="0" failures="0" errors="0" timestamp="2019-11-11T11:30:11" hostname="LAPTOP-1IHGM6O5" time="0.001">
  <properties/>
  <testcase name="testApplicationStarted" classname="OpenApplicationTest" time="0.001"/>
  <system-out><![CDATA[Application opened
]]></system-out>
  <system-err><![CDATA[??? 11, 2019 1:30:11 PM io.appium.java_client.remote.AppiumCommandExecutor$1 lambda$0
INFO: Detected dialect: W3C
]]></system-err>
</testsuite>
